[debug] [2022-11-22T14:45:46.919Z] ----------------------------------------------------------------------
[debug] [2022-11-22T14:45:46.927Z] Command:       /home/system/.nvm/versions/node/v16.4.0/bin/node /home/system/.nvm/versions/node/v16.4.0/bin/firebase login
[debug] [2022-11-22T14:45:46.929Z] CLI Version:   11.16.1
[debug] [2022-11-22T14:45:46.929Z] Platform:      linux
[debug] [2022-11-22T14:45:46.930Z] Node Version:  v16.4.0
[debug] [2022-11-22T14:45:46.931Z] Time:          Tue Nov 22 2022 16:45:46 GMT+0200 (Eastern European Standard Time)
[debug] [2022-11-22T14:45:46.931Z] ----------------------------------------------------------------------
[debug] 
[info] i  Firebase optionally collects CLI and Emulator Suite usage and error reporting information to help improve our products. Data is collected in accordance with Google's privacy policy (https://policies.google.com/privacy) and is not used to identify you.
 
[info] i  To change your data collection preference at any time, run `firebase logout` and log in again. 
[info] 
[info] Visit this URL on this device to log in:
[info] https://accounts.google.com/o/oauth2/auth?client_id=563584335869-fgrhgmd47bqnekij5i8b5pr03ho849e6.apps.googleusercontent.com&scope=email%20openid%20https%3A%2F%2Fwww.googleapis.com%2Fauth%2Fcloudplatformprojects.readonly%20https%3A%2F%2Fwww.googleapis.com%2Fauth%2Ffirebase%20https%3A%2F%2Fwww.googleapis.com%2Fauth%2Fcloud-platform&response_type=code&state=862416110&redirect_uri=http%3A%2F%2Flocalhost%3A9005
[info] 
[info] Waiting for authentication...
[debug] [2022-11-22T14:54:13.644Z] ----------------------------------------------------------------------
[debug] [2022-11-22T14:54:13.652Z] Command:       /home/system/.nvm/versions/node/v16.4.0/bin/node /home/system/.nvm/versions/node/v16.4.0/bin/firebase login
[debug] [2022-11-22T14:54:13.653Z] CLI Version:   11.16.1
[debug] [2022-11-22T14:54:13.654Z] Platform:      linux
[debug] [2022-11-22T14:54:13.654Z] Node Version:  v16.4.0
[debug] [2022-11-22T14:54:13.656Z] Time:          Tue Nov 22 2022 16:54:13 GMT+0200 (Eastern European Standard Time)
[debug] [2022-11-22T14:54:13.656Z] ----------------------------------------------------------------------
[debug] 
[info] i  Firebase optionally collects CLI and Emulator Suite usage and error reporting information to help improve our products. Data is collected in accordance with Google's privacy policy (https://policies.google.com/privacy) and is not used to identify you.
 
[info] i  To change your data collection preference at any time, run `firebase logout` and log in again. 
[info] 
[info] Visit this URL on this device to log in:
[info] https://accounts.google.com/o/oauth2/auth?client_id=563584335869-fgrhgmd47bqnekij5i8b5pr03ho849e6.apps.googleusercontent.com&scope=email%20openid%20https%3A%2F%2Fwww.googleapis.com%2Fauth%2Fcloudplatformprojects.readonly%20https%3A%2F%2Fwww.googleapis.com%2Fauth%2Ffirebase%20https%3A%2F%2Fwww.googleapis.com%2Fauth%2Fcloud-platform&response_type=code&state=642001764&redirect_uri=http%3A%2F%2Flocalhost%3A9005
[info] 
[info] Waiting for authentication...
[debug] [2022-11-22T14:58:07.261Z] ----------------------------------------------------------------------
[debug] [2022-11-22T14:58:07.264Z] Command:       /home/system/.nvm/versions/node/v16.4.0/bin/node /home/system/.nvm/versions/node/v16.4.0/bin/firebase login
[debug] [2022-11-22T14:58:07.265Z] CLI Version:   11.16.1
[debug] [2022-11-22T14:58:07.265Z] Platform:      linux
[debug] [2022-11-22T14:58:07.265Z] Node Version:  v16.4.0
[debug] [2022-11-22T14:58:07.266Z] Time:          Tue Nov 22 2022 16:58:07 GMT+0200 (Eastern European Standard Time)
[debug] [2022-11-22T14:58:07.266Z] ----------------------------------------------------------------------
[debug] 
[info] i  Firebase optionally collects CLI and Emulator Suite usage and error reporting information to help improve our products. Data is collected in accordance with Google's privacy policy (https://policies.google.com/privacy) and is not used to identify you.
 
[info] i  To change your data collection preference at any time, run `firebase logout` and log in again. 
[info] 
[info] Visit this URL on this device to log in:
[info] https://accounts.google.com/o/oauth2/auth?client_id=563584335869-fgrhgmd47bqnekij5i8b5pr03ho849e6.apps.googleusercontent.com&scope=email%20openid%20https%3A%2F%2Fwww.googleapis.com%2Fauth%2Fcloudplatformprojects.readonly%20https%3A%2F%2Fwww.googleapis.com%2Fauth%2Ffirebase%20https%3A%2F%2Fwww.googleapis.com%2Fauth%2Fcloud-platform&response_type=code&state=869485818&redirect_uri=http%3A%2F%2Flocalhost%3A9005
[info] 
[info] Waiting for authentication...
